<?xml version="1.0" encoding="UTF-8"?>
<coverage generated="1644430366157" clover="3.2.0">
  <project timestamp="1644430366157" name="All files">
    <metrics statements="6" coveredstatements="6" conditionals="8" coveredconditionals="4" methods="3" coveredmethods="3" elements="17" coveredelements="13" complexity="0" loc="6" ncloc="6" packages="1" files="2" classes="2"/>
    <file name="Header.tsx" path="/Users/uzairali/Documents/toweropedia/src/components/Header.tsx">
      <metrics statements="2" coveredstatements="2" conditionals="0" coveredconditionals="0" methods="1" coveredmethods="1"/>
      <line num="5" count="1" type="stmt"/>
      <line num="6" count="1" type="stmt"/>
    </file>
    <file name="Switch.tsx" path="/Users/uzairali/Documents/toweropedia/src/components/Switch.tsx">
      <metrics statements="4" coveredstatements="4" conditionals="8" coveredconditionals="4" methods="2" coveredmethods="2"/>
      <line num="6" count="1" type="stmt"/>
      <line num="53" count="1" type="stmt"/>
      <line num="54" count="1" type="stmt"/>
      <line num="55" count="1" type="stmt"/>
    </file>
  </project>
</coverage>
