{"/Users/uzairali/Documents/toweropedia/src/components/Header.tsx": {"path":"/Users/uzairali/Documents/toweropedia/src/components/Header.tsx","statementMap":{"0":{"start":{"line":5,"column":15},"end":{"line":26,"column":1}},"1":{"start":{"line":6,"column":2},"end":{"line":25,"column":4}}},"fnMap":{"0":{"name":"(anonymous_0)","decl":{"start":{"line":5,"column":15},"end":{"line":5,"column":16}},"loc":{"start":{"line":5,"column":45},"end":{"line":26,"column":1}},"line":5}},"branchMap":{},"s":{"0":1,"1":1},"f":{"0":1},"b":{},"_coverageSchema":"1a1c01bbd47fc00a2c39e90264f33305004495a9","hash":"2f659fa6e2c2cb53960aa3faa9425b15f08b18e7"}
,"/Users/uzairali/Documents/toweropedia/src/components/Switch.tsx": {"path":"/Users/uzairali/Documents/toweropedia/src/components/Switch.tsx","statementMap":{"0":{"start":{"line":6,"column":25},"end":{"line":51,"column":3}},"1":{"start":{"line":6,"column":56},"end":{"line":51,"column":1}},"2":{"start":{"line":53,"column":15},"end":{"line":65,"column":1}},"3":{"start":{"line":54,"column":16},"end":{"line":54,"column":26}},"4":{"start":{"line":55,"column":2},"end":{"line":64,"column":4}}},"fnMap":{"0":{"name":"(anonymous_0)","decl":{"start":{"line":6,"column":40},"end":{"line":6,"column":41}},"loc":{"start":{"line":6,"column":56},"end":{"line":51,"column":1}},"line":6},"1":{"name":"(anonymous_1)","decl":{"start":{"line":53,"column":15},"end":{"line":53,"column":16}},"loc":{"start":{"line":53,"column":45},"end":{"line":65,"column":1}},"line":53}},"branchMap":{"0":{"loc":{"start":{"line":24,"column":25},"end":{"line":24,"column":78}},"type":"cond-expr","locations":[{"start":{"line":24,"column":57},"end":{"line":24,"column":66}},{"start":{"line":24,"column":69},"end":{"line":24,"column":78}}],"line":24},"1":{"loc":{"start":{"line":29,"column":21},"end":{"line":29,"column":74}},"type":"cond-expr","locations":[{"start":{"line":29,"column":53},"end":{"line":29,"column":62}},{"start":{"line":29,"column":65},"end":{"line":29,"column":74}}],"line":29},"2":{"loc":{"start":{"line":48,"column":21},"end":{"line":48,"column":74}},"type":"cond-expr","locations":[{"start":{"line":48,"column":53},"end":{"line":48,"column":62}},{"start":{"line":48,"column":65},"end":{"line":48,"column":74}}],"line":48},"3":{"loc":{"start":{"line":60,"column":10},"end":{"line":60,"column":78}},"type":"cond-expr","locations":[{"start":{"line":60,"column":42},"end":{"line":60,"column":59}},{"start":{"line":60,"column":62},"end":{"line":60,"column":78}}],"line":60}},"s":{"0":1,"1":1,"2":1,"3":1,"4":1},"f":{"0":1,"1":1},"b":{"0":[0,1],"1":[0,1],"2":[0,1],"3":[0,1]},"_coverageSchema":"1a1c01bbd47fc00a2c39e90264f33305004495a9","hash":"904b36c0d65d600c9996ccc47500d858853ba8c3"}
}
